<?xml version="1.0" encoding="UTF-8"?>
<!-- Generated by org.testng.reporters.JUnitXMLReporter -->
<testsuite ignored="0" hostname="msi" failures="0" tests="3" name="Command line test" time="0.104" errors="0" timestamp="2020-09-12T13:59:35 PET">
  <testcase classname="MinesweeperTest" name="testCase0" time="0.041"/>
  <testcase classname="MinesweeperTest" name="testCase1" time="0.04"/>
  <testcase classname="MinesweeperTest" name="testCase2" time="0.002"/>
</testsuite> <!-- Command line test -->
