<?xml version="1.0" encoding="UTF-8"?>
<!-- Generated by org.testng.reporters.JUnitXMLReporter -->
<testsuite ignored="0" hostname="msi" failures="0" tests="3" name="Command line test" time="0.088" errors="0" timestamp="2020-09-12T13:45:16 PET">
  <testcase classname="MinesweeperTest" name="testCase0" time="0.035"/>
  <testcase classname="MinesweeperTest" name="testCase1" time="0.03"/>
  <testcase classname="MinesweeperTest" name="testCase2" time="0.002"/>
</testsuite> <!-- Command line test -->
